<?xml version="1.0" encoding="UTF-8"?>
<!-- Generated by org.testng.reporters.JUnitReportReporter -->
<testsuite hostname="LAPTOP-BCHU3DJA" failures="0" tests="1" name="tests.testLoginPage" time="23.330" errors="0" timestamp="2025-01-29T11:49:52 IST" skipped="0">
  <testcase classname="tests.testLoginPage" name="TC_002_Insurance_LoginPage" time="23.330"/>
</testsuite> <!-- tests.testLoginPage -->
