<?xml version="1.0" encoding="UTF-8"?>
<!-- Generated by org.testng.reporters.JUnitReportReporter -->
<testsuite hostname="LAPTOP-BCHU3DJA" failures="0" tests="1" name="tests.testLoginPage" time="20.337" errors="0" timestamp="2025-01-24T16:50:49 IST" skipped="0">
  <testcase classname="tests.testLoginPage" name="validateLoginPage" time="20.337"/>
</testsuite> <!-- tests.testLoginPage -->
