<?xml version="1.0" encoding="UTF-8"?>
<!-- Generated by org.testng.reporters.JUnitReportReporter -->
<testsuite hostname="LAPTOP-BCHU3DJA" failures="0" tests="1" name="tests.testRequestQoute" time="25.344" errors="0" timestamp="2025-01-29T11:40:21 IST" skipped="0">
  <testcase classname="tests.testRequestQoute" name="ValidateRequestQuotationPage" time="25.344"/>
</testsuite> <!-- tests.testRequestQoute -->
