<?xml version="1.0" encoding="UTF-8"?>
<!-- Generated by org.testng.reporters.JUnitReportReporter -->
<testsuite hostname="LAPTOP-BCHU3DJA" failures="0" tests="1" name="tests.testRequestQoute" time="40.056" errors="0" timestamp="2025-01-24T15:59:44 IST" skipped="0">
  <testcase classname="tests.testRequestQoute" name="ValidateRequestQuotationPage" time="40.056"/>
</testsuite> <!-- tests.testRequestQoute -->
